#
# There is insufficient memory for the Java Runtime Environment to continue.
# Native memory allocation (malloc) failed to allocate 895536 bytes for Chunk::new
# Possible reasons:
#   The system is out of physical RAM or swap space
#   The process is running with CompressedOops enabled, and the Java Heap may be blocking the growth of the native heap
# Possible solutions:
#   Reduce memory load on the system
#   Increase physical memory or swap space
#   Check if swap backing store is full
#   Decrease Java heap size (-Xmx/-Xms)
#   Decrease number of Java threads
#   Decrease Java thread stack sizes (-Xss)
#   Set larger code cache with -XX:ReservedCodeCacheSize=
#   JVM is running with Zero Based Compressed Oops mode in which the Java heap is
#     placed in the first 32GB address space. The Java Heap base address is the
#     maximum limit for the native heap growth. Please use -XX:HeapBaseMinAddress
#     to set the Java Heap base and to place the Java Heap above 32GB virtual address.
# This output file may be truncated or incomplete.
#
#  Out of Memory Error (allocation.cpp:389), pid=14884, tid=0x000000000000543c
#
# JRE version: Java(TM) SE Runtime Environment (8.0_231-b11) (build 1.8.0_231-b11)
# Java VM: Java HotSpot(TM) 64-Bit Server VM (25.231-b11 mixed mode windows-amd64 compressed oops)
# Failed to write core dump. Minidumps are not enabled by default on client versions of Windows
#

---------------  T H R E A D  ---------------

Current thread (0x000000001d62d000):  JavaThread "C2 CompilerThread1" daemon [_thread_in_native, id=21564, stack(0x000000001dd20000,0x000000001de20000)]

Stack: [0x000000001dd20000,0x000000001de20000]
[error occurred during error reporting (printing stack bounds), id 0xc0000005]

Native frames: (J=compiled Java code, j=interpreted, Vv=VM code, C=native code)


Current CompileTask:
C2:   4221 3355       4       org.springframework.boot.context.properties.source.ConfigurationPropertyName::equals (86 bytes)


---------------  P R O C E S S  ---------------

Java Threads: ( => current thread )
  0x000000002386d800 JavaThread "Abandoned connection cleanup thread" daemon [_thread_blocked, id=23988, stack(0x0000000021700000,0x0000000021800000)]
  0x000000001d846800 JavaThread "surefire-forkedjvm-ping-30s" daemon [_thread_blocked, id=11956, stack(0x000000001e220000,0x000000001e320000)]
  0x000000001d7de000 JavaThread "surefire-forkedjvm-command-thread" daemon [_thread_in_native, id=10860, stack(0x000000001e120000,0x000000001e220000)]
  0x000000001d677000 JavaThread "Service Thread" daemon [_thread_blocked, id=14804, stack(0x000000001df20000,0x000000001e020000)]
  0x000000001d63d000 JavaThread "C1 CompilerThread2" daemon [_thread_blocked, id=8072, stack(0x000000001de20000,0x000000001df20000)]
=>0x000000001d62d000 JavaThread "C2 CompilerThread1" daemon [_thread_in_native, id=21564, stack(0x000000001dd20000,0x000000001de20000)]
  0x000000001c32b800 JavaThread "C2 CompilerThread0" daemon [_thread_in_native, id=24196, stack(0x000000001dc20000,0x000000001dd20000)]
  0x000000001d628800 JavaThread "Attach Listener" daemon [_thread_blocked, id=16024, stack(0x000000001db20000,0x000000001dc20000)]
  0x000000001c2e1000 JavaThread "Signal Dispatcher" daemon [_thread_blocked, id=16072, stack(0x000000001da20000,0x000000001db20000)]
  0x0000000002d0b000 JavaThread "Finalizer" daemon [_thread_blocked, id=16052, stack(0x000000001d520000,0x000000001d620000)]
  0x0000000002d02000 JavaThread "Reference Handler" daemon [_thread_blocked, id=22372, stack(0x000000001d420000,0x000000001d520000)]
  0x0000000002c12800 JavaThread "main" [_thread_in_Java, id=7288, stack(0x0000000002b10000,0x0000000002c10000)]

Other Threads:
  0x000000001c297800 VMThread [stack: 0x000000001d320000,0x000000001d420000] [id=13452]
  0x000000001d67a000 WatcherThread [stack: 0x000000001e020000,0x000000001e120000] [id=3264]

VM state:not at safepoint (normal execution)

VM Mutex/Monitor currently owned by a thread: None

heap address: 0x00000006c1e00000, size: 4066 MB, Compressed Oops mode: Zero based, Oop shift amount: 3
Narrow klass base: 0x0000000000000000, Narrow klass shift: 3
Compressed class space size: 1073741824 Address: 0x00000007c0000000

Heap:
 PSYoungGen      total 225792K, used 65538K [0x000000076b500000, 0x0000000779f80000, 0x00000007c0000000)
  eden space 215040K, 30% used [0x000000076b500000,0x000000076f500b48,0x0000000778700000)
  from space 10752K, 0% used [0x0000000778a80000,0x0000000778a80000,0x0000000779500000)
  to   space 9216K, 0% used [0x0000000779680000,0x0000000779680000,0x0000000779f80000)
 ParOldGen       total 126976K, used 11441K [0x00000006c1e00000, 0x00000006c9a00000, 0x000000076b500000)
  object space 126976K, 9% used [0x00000006c1e00000,0x00000006c292c650,0x00000006c9a00000)
 Metaspace       used 36671K, capacity 38742K, committed 39040K, reserved 1083392K
  class space    used 4853K, capacity 5245K, committed 5248K, reserved 1048576K

Card table byte_map: [0x00000000120d0000,0x00000000128d0000] byte_map_base: 0x000000000eac1000

Marking Bits: (ParMarkBitMap*) 0x0000000056e86d90
 Begin Bits: [0x0000000013220000, 0x00000000171a8000)
 End Bits:   [0x00000000171a8000, 0x000000001b130000)

Polling page: 0x0000000000d80000

CodeCache: size=245760Kb used=12309Kb max_used=12309Kb free=233450Kb
 bounds [0x0000000002d10000, 0x0000000003920000, 0x0000000011d10000]
 total_blobs=3835 nmethods=3425 adapters=321
 compilation: enabled

Compilation events (10 events):
Event: 4.189 Thread 0x000000001d63d000 3429       3       ch.qos.logback.core.pattern.CompositeConverter::convert (43 bytes)
Event: 4.189 Thread 0x000000001d63d000 nmethod 3429 0x00000000039156d0 code [0x00000000039158a0, 0x0000000003915fe8]
Event: 4.190 Thread 0x000000001d63d000 3430       3       org.springframework.boot.logging.logback.ColorConverter::transform (10 bytes)
Event: 4.190 Thread 0x000000001d63d000 nmethod 3430 0x00000000039162d0 code [0x0000000003916440, 0x00000000039166e8]
Event: 4.190 Thread 0x000000001d63d000 3431       3       org.springframework.boot.logging.logback.ColorConverter::transform (60 bytes)
Event: 4.191 Thread 0x000000001d63d000 nmethod 3431 0x00000000039167d0 code [0x0000000003916a20, 0x0000000003917938]
Event: 4.195 Thread 0x000000001d63d000 3432       3       java.io.WinNTFileSystem::resolve (231 bytes)
Event: 4.196 Thread 0x000000001d63d000 nmethod 3432 0x0000000003917f10 code [0x00000000039181e0, 0x0000000003919be8]
Event: 4.210 Thread 0x000000001d63d000 3433       3       ch.qos.logback.classic.Logger::createChildByName (128 bytes)
Event: 4.211 Thread 0x000000001d63d000 nmethod 3433 0x000000000391a910 code [0x000000000391ac00, 0x000000000391c3d8]

GC Heap History (10 events):
Event: 1.871 GC heap before
{Heap before GC invocations=5 (full 1):
 PSYoungGen      total 141824K, used 6374K [0x000000076b500000, 0x0000000774a00000, 0x00000007c0000000)
  eden space 131072K, 0% used [0x000000076b500000,0x000000076b500000,0x0000000773500000)
  from space 10752K, 59% used [0x0000000773f80000,0x00000007745b9b20,0x0000000774a00000)
  to   space 10752K, 0% used [0x0000000773500000,0x0000000773500000,0x0000000773f80000)
 ParOldGen       total 175104K, used 40K [0x00000006c1e00000, 0x00000006cc900000, 0x000000076b500000)
  object space 175104K, 0% used [0x00000006c1e00000,0x00000006c1e0a000,0x00000006cc900000)
 Metaspace       used 19922K, capacity 21246K, committed 21296K, reserved 1067008K
  class space    used 2686K, capacity 2937K, committed 2944K, reserved 1048576K
Event: 1.909 GC heap after
Heap after GC invocations=5 (full 1):
 PSYoungGen      total 141824K, used 0K [0x000000076b500000, 0x0000000774a00000, 0x00000007c0000000)
  eden space 131072K, 0% used [0x000000076b500000,0x000000076b500000,0x0000000773500000)
  from space 10752K, 0% used [0x0000000773f80000,0x0000000773f80000,0x0000000774a00000)
  to   space 10752K, 0% used [0x0000000773500000,0x0000000773500000,0x0000000773f80000)
 ParOldGen       total 90112K, used 6225K [0x00000006c1e00000, 0x00000006c7600000, 0x000000076b500000)
  object space 90112K, 6% used [0x00000006c1e00000,0x00000006c2414768,0x00000006c7600000)
 Metaspace       used 19922K, capacity 21246K, committed 21296K, reserved 1067008K
  class space    used 2686K, capacity 2937K, committed 2944K, reserved 1048576K
}
Event: 2.454 GC heap before
{Heap before GC invocations=6 (full 1):
 PSYoungGen      total 141824K, used 131072K [0x000000076b500000, 0x0000000774a00000, 0x00000007c0000000)
  eden space 131072K, 100% used [0x000000076b500000,0x0000000773500000,0x0000000773500000)
  from space 10752K, 0% used [0x0000000773f80000,0x0000000773f80000,0x0000000774a00000)
  to   space 10752K, 0% used [0x0000000773500000,0x0000000773500000,0x0000000773f80000)
 ParOldGen       total 90112K, used 6225K [0x00000006c1e00000, 0x00000006c7600000, 0x000000076b500000)
  object space 90112K, 6% used [0x00000006c1e00000,0x00000006c2414768,0x00000006c7600000)
 Metaspace       used 26652K, capacity 28138K, committed 28416K, reserved 1073152K
  class space    used 3501K, capacity 3809K, committed 3840K, reserved 1048576K
Event: 2.462 GC heap after
Heap after GC invocations=6 (full 1):
 PSYoungGen      total 141824K, used 8542K [0x000000076b500000, 0x0000000779f80000, 0x00000007c0000000)
  eden space 131072K, 0% used [0x000000076b500000,0x000000076b500000,0x0000000773500000)
  from space 10752K, 79% used [0x0000000773500000,0x0000000773d57ad0,0x0000000773f80000)
  to   space 9216K, 0% used [0x0000000779680000,0x0000000779680000,0x0000000779f80000)
 ParOldGen       total 90112K, used 6225K [0x00000006c1e00000, 0x00000006c7600000, 0x000000076b500000)
  object space 90112K, 6% used [0x00000006c1e00000,0x00000006c2414768,0x00000006c7600000)
 Metaspace       used 26652K, capacity 28138K, committed 28416K, reserved 1073152K
  class space    used 3501K, capacity 3809K, committed 3840K, reserved 1048576K
}
Event: 3.517 GC heap before
{Heap before GC invocations=7 (full 1):
 PSYoungGen      total 141824K, used 139614K [0x000000076b500000, 0x0000000779f80000, 0x00000007c0000000)
  eden space 131072K, 100% used [0x000000076b500000,0x0000000773500000,0x0000000773500000)
  from space 10752K, 79% used [0x0000000773500000,0x0000000773d57ad0,0x0000000773f80000)
  to   space 9216K, 0% used [0x0000000779680000,0x0000000779680000,0x0000000779f80000)
 ParOldGen       total 90112K, used 6225K [0x00000006c1e00000, 0x00000006c7600000, 0x000000076b500000)
  object space 90112K, 6% used [0x00000006c1e00000,0x00000006c2414768,0x00000006c7600000)
 Metaspace       used 32156K, capacity 33976K, committed 34176K, reserved 1079296K
  class space    used 4314K, capacity 4660K, committed 4736K, reserved 1048576K
Event: 3.526 GC heap after
Heap after GC invocations=7 (full 1):
 PSYoungGen      total 224256K, used 9187K [0x000000076b500000, 0x0000000779f80000, 0x00000007c0000000)
  eden space 215040K, 0% used [0x000000076b500000,0x000000076b500000,0x0000000778700000)
  from space 9216K, 99% used [0x0000000779680000,0x0000000779f78fb0,0x0000000779f80000)
  to   space 10752K, 0% used [0x0000000778a80000,0x0000000778a80000,0x0000000779500000)
 ParOldGen       total 90112K, used 7349K [0x00000006c1e00000, 0x00000006c7600000, 0x000000076b500000)
  object space 90112K, 8% used [0x00000006c1e00000,0x00000006c252d480,0x00000006c7600000)
 Metaspace       used 32156K, capacity 33976K, committed 34176K, reserved 1079296K
  class space    used 4314K, capacity 4660K, committed 4736K, reserved 1048576K
}
Event: 3.704 GC heap before
{Heap before GC invocations=8 (full 1):
 PSYoungGen      total 224256K, used 30737K [0x000000076b500000, 0x0000000779f80000, 0x00000007c0000000)
  eden space 215040K, 10% used [0x000000076b500000,0x000000076ca0b838,0x0000000778700000)
  from space 9216K, 99% used [0x0000000779680000,0x0000000779f78fb0,0x0000000779f80000)
  to   space 10752K, 0% used [0x0000000778a80000,0x0000000778a80000,0x0000000779500000)
 ParOldGen       total 90112K, used 7349K [0x00000006c1e00000, 0x00000006c7600000, 0x000000076b500000)
  object space 90112K, 8% used [0x00000006c1e00000,0x00000006c252d480,0x00000006c7600000)
 Metaspace       used 33555K, capacity 35424K, committed 35496K, reserved 1079296K
  class space    used 4471K, capacity 4832K, committed 4864K, reserved 1048576K
Event: 3.709 GC heap after
Heap after GC invocations=8 (full 1):
 PSYoungGen      total 225792K, used 6080K [0x000000076b500000, 0x0000000779f80000, 0x00000007c0000000)
  eden space 215040K, 0% used [0x000000076b500000,0x000000076b500000,0x0000000778700000)
  from space 10752K, 56% used [0x0000000778a80000,0x0000000779070310,0x0000000779500000)
  to   space 9216K, 0% used [0x0000000779680000,0x0000000779680000,0x0000000779f80000)
 ParOldGen       total 90112K, used 7357K [0x00000006c1e00000, 0x00000006c7600000, 0x000000076b500000)
  object space 90112K, 8% used [0x00000006c1e00000,0x00000006c252f480,0x00000006c7600000)
 Metaspace       used 33555K, capacity 35424K, committed 35496K, reserved 1079296K
  class space    used 4471K, capacity 4832K, committed 4864K, reserved 1048576K
}
Event: 3.709 GC heap before
{Heap before GC invocations=9 (full 2):
 PSYoungGen      total 225792K, used 6080K [0x000000076b500000, 0x0000000779f80000, 0x00000007c0000000)
  eden space 215040K, 0% used [0x000000076b500000,0x000000076b500000,0x0000000778700000)
  from space 10752K, 56% used [0x0000000778a80000,0x0000000779070310,0x0000000779500000)
  to   space 9216K, 0% used [0x0000000779680000,0x0000000779680000,0x0000000779f80000)
 ParOldGen       total 90112K, used 7357K [0x00000006c1e00000, 0x00000006c7600000, 0x000000076b500000)
  object space 90112K, 8% used [0x00000006c1e00000,0x00000006c252f480,0x00000006c7600000)
 Metaspace       used 33555K, capacity 35424K, committed 35496K, reserved 1079296K
  class space    used 4471K, capacity 4832K, committed 4864K, reserved 1048576K
Event: 3.743 GC heap after
Heap after GC invocations=9 (full 2):
 PSYoungGen      total 225792K, used 0K [0x000000076b500000, 0x0000000779f80000, 0x00000007c0000000)
  eden space 215040K, 0% used [0x000000076b500000,0x000000076b500000,0x0000000778700000)
  from space 10752K, 0% used [0x0000000778a80000,0x0000000778a80000,0x0000000779500000)
  to   space 9216K, 0% used [0x0000000779680000,0x0000000779680000,0x0000000779f80000)
 ParOldGen       total 126976K, used 11441K [0x00000006c1e00000, 0x00000006c9a00000, 0x000000076b500000)
  object space 126976K, 9% used [0x00000006c1e00000,0x00000006c292c650,0x00000006c9a00000)
 Metaspace       used 33555K, capacity 35424K, committed 35496K, reserved 1079296K
  class space    used 4471K, capacity 4832K, committed 4864K, reserved 1048576K
}

Deoptimization events (10 events):
Event: 4.040 Thread 0x0000000002c12800 Uncommon trap: reason=unstable_if action=reinterpret pc=0x0000000003322b68 method=java.util.concurrent.ConcurrentHashMap.get(Ljava/lang/Object;)Ljava/lang/Object; @ 76
Event: 4.040 Thread 0x0000000002c12800 Uncommon trap: reason=class_check action=maybe_recompile pc=0x00000000035d575c method=java.util.concurrent.ConcurrentHashMap.putVal(Ljava/lang/Object;Ljava/lang/Object;Z)Ljava/lang/Object; @ 192
Event: 4.041 Thread 0x0000000002c12800 Uncommon trap: reason=class_check action=maybe_recompile pc=0x00000000035d575c method=java.util.concurrent.ConcurrentHashMap.putVal(Ljava/lang/Object;Ljava/lang/Object;Z)Ljava/lang/Object; @ 192
Event: 4.052 Thread 0x0000000002c12800 Uncommon trap: reason=class_check action=maybe_recompile pc=0x00000000035d575c method=java.util.concurrent.ConcurrentHashMap.putVal(Ljava/lang/Object;Ljava/lang/Object;Z)Ljava/lang/Object; @ 192
Event: 4.117 Thread 0x0000000002c12800 Uncommon trap: reason=class_check action=maybe_recompile pc=0x00000000035d575c method=java.util.concurrent.ConcurrentHashMap.putVal(Ljava/lang/Object;Ljava/lang/Object;Z)Ljava/lang/Object; @ 192
Event: 4.161 Thread 0x0000000002c12800 Uncommon trap: reason=unstable_if action=reinterpret pc=0x0000000002fa7054 method=java.util.zip.ZipCoder.getBytes(Ljava/lang/String;)[B @ 32
Event: 4.161 Thread 0x0000000002c12800 Uncommon trap: reason=unstable_if action=reinterpret pc=0x0000000002fa0dc0 method=java.util.zip.ZipCoder.getBytes(Ljava/lang/String;)[B @ 32
Event: 4.161 Thread 0x0000000002c12800 Uncommon trap: reason=unstable_if action=reinterpret pc=0x00000000033c1980 method=java.net.URL.<init>(Ljava/net/URL;Ljava/lang/String;Ljava/net/URLStreamHandler;)V @ 57
Event: 4.161 Thread 0x0000000002c12800 Uncommon trap: reason=unstable_if action=reinterpret pc=0x000000000322bcd8 method=java.net.URLStreamHandler.parseURL(Ljava/net/URL;Ljava/lang/String;II)V @ 57
Event: 4.161 Thread 0x0000000002c12800 Uncommon trap: reason=unstable_if action=reinterpret pc=0x000000000332dfc4 method=java.io.WinNTFileSystem.resolve(Ljava/lang/String;Ljava/lang/String;)Ljava/lang/String; @ 19

Classes redefined (0 events):
No events

Internal exceptions (10 events):
Event: 4.144 Thread 0x0000000002c12800 Exception <a 'java/lang/ClassNotFoundException': org/springframework/beans/factory/BeanClassLoaderAwareCustomizer> (0x000000076eba3db0) thrown at [C:\re\workspace\8-2-build-windows-amd64-cygwin\jdk8u231\13620\hotspot\src\share\vm\classfile\systemDictionar
Event: 4.145 Thread 0x0000000002c12800 Exception <a 'java/lang/ClassNotFoundException': org/springframework/beans/factory/AwareCustomizer> (0x000000076ebca490) thrown at [C:\re\workspace\8-2-build-windows-amd64-cygwin\jdk8u231\13620\hotspot\src\share\vm\classfile\systemDictionary.cpp, line 210
Event: 4.145 Thread 0x0000000002c12800 Exception <a 'java/lang/ClassNotFoundException': org/springframework/beans/factory/BeanFactoryAwareCustomizer> (0x000000076ebf5a80) thrown at [C:\re\workspace\8-2-build-windows-amd64-cygwin\jdk8u231\13620\hotspot\src\share\vm\classfile\systemDictionary.cp
Event: 4.146 Thread 0x0000000002c12800 Exception <a 'java/lang/ClassNotFoundException': org/springframework/beans/factory/AwareCustomizer> (0x000000076ec1c6c0) thrown at [C:\re\workspace\8-2-build-windows-amd64-cygwin\jdk8u231\13620\hotspot\src\share\vm\classfile\systemDictionary.cpp, line 210
Event: 4.146 Thread 0x0000000002c12800 Exception <a 'java/lang/ClassNotFoundException': org/springframework/beans/factory/BeanNameAwareCustomizer> (0x000000076ec45d58) thrown at [C:\re\workspace\8-2-build-windows-amd64-cygwin\jdk8u231\13620\hotspot\src\share\vm\classfile\systemDictionary.cpp, 
Event: 4.147 Thread 0x0000000002c12800 Exception <a 'java/lang/ClassNotFoundException': org/springframework/beans/factory/AwareCustomizer> (0x000000076ec6c490) thrown at [C:\re\workspace\8-2-build-windows-amd64-cygwin\jdk8u231\13620\hotspot\src\share\vm\classfile\systemDictionary.cpp, line 210
Event: 4.148 Thread 0x0000000002c12800 Exception <a 'java/lang/ClassNotFoundException': org/springframework/beans/factory/InitializingBeanCustomizer> (0x000000076ec97a80) thrown at [C:\re\workspace\8-2-build-windows-amd64-cygwin\jdk8u231\13620\hotspot\src\share\vm\classfile\systemDictionary.cp
Event: 4.148 Thread 0x0000000002c12800 Exception <a 'java/lang/ClassNotFoundException': org/springframework/beans/factory/DisposableBeanCustomizer> (0x000000076ecc1990) thrown at [C:\re\workspace\8-2-build-windows-amd64-cygwin\jdk8u231\13620\hotspot\src\share\vm\classfile\systemDictionary.cpp,
Event: 4.149 Thread 0x0000000002c12800 Exception <a 'java/lang/ClassNotFoundException': org/springframework/orm/jpa/EntityManagerFactoryInfoCustomizer> (0x000000076ecee548) thrown at [C:\re\workspace\8-2-build-windows-amd64-cygwin\jdk8u231\13620\hotspot\src\share\vm\classfile\systemDictionary.
Event: 4.149 Thread 0x0000000002c12800 Exception <a 'java/lang/ClassNotFoundException': org/springframework/dao/support/PersistenceExceptionTranslatorCustomizer> (0x000000076ed2c820) thrown at [C:\re\workspace\8-2-build-windows-amd64-cygwin\jdk8u231\13620\hotspot\src\share\vm\classfile\systemD

Events (10 events):
Event: 4.214 loading class org/hibernate/boot/registry/classloading/internal/AggregatedClassLoader$2
Event: 4.214 loading class org/hibernate/boot/registry/classloading/internal/AggregatedClassLoader$2 done
Event: 4.215 loading class org/hibernate/boot/registry/classloading/internal/AggregatedClassLoader$4
Event: 4.215 loading class org/hibernate/boot/registry/classloading/internal/AggregatedClassLoader$4 done
Event: 4.216 loading class org/hibernate/boot/registry/internal/BootstrapServiceRegistryImpl
Event: 4.216 loading class org/hibernate/boot/registry/internal/BootstrapServiceRegistryImpl done
Event: 4.216 loading class org/hibernate/service/spi/ServiceRegistryImplementor
Event: 4.216 loading class org/hibernate/service/spi/ServiceRegistryImplementor done
Event: 4.216 loading class org/hibernate/service/spi/ServiceBinding$ServiceLifecycleOwner
Event: 4.216 loading class org/hibernate/service/spi/ServiceBinding$ServiceLifecycleOwner done


Dynamic libraries:
0x00007ff783760000 - 0x00007ff783797000 	D:\Program Files\Java\jdk-1.8.0\jre\bin\java.exe
0x00007ffb0e1c0000 - 0x00007ffb0e3b0000 	C:\WINDOWS\SYSTEM32\ntdll.dll
0x00007ffb0dcf0000 - 0x00007ffb0dda2000 	C:\WINDOWS\System32\KERNEL32.DLL
0x00007ffb0b930000 - 0x00007ffb0bbd3000 	C:\WINDOWS\System32\KERNELBASE.dll
0x00007ffb0c270000 - 0x00007ffb0c313000 	C:\WINDOWS\System32\ADVAPI32.dll
0x00007ffb0d5b0000 - 0x00007ffb0d64e000 	C:\WINDOWS\System32\msvcrt.dll
0x00007ffb0ddd0000 - 0x00007ffb0de67000 	C:\WINDOWS\System32\sechost.dll
0x00007ffb0c320000 - 0x00007ffb0c440000 	C:\WINDOWS\System32\RPCRT4.dll
0x00007ffb0dfb0000 - 0x00007ffb0e144000 	C:\WINDOWS\System32\USER32.dll
0x00007ffb0bbe0000 - 0x00007ffb0bc01000 	C:\WINDOWS\System32\win32u.dll
0x00007ffb0e150000 - 0x00007ffb0e176000 	C:\WINDOWS\System32\GDI32.dll
0x00007ffb0bc40000 - 0x00007ffb0bdd4000 	C:\WINDOWS\System32\gdi32full.dll
0x00007ffb0c0a0000 - 0x00007ffb0c13e000 	C:\WINDOWS\System32\msvcp_win.dll
0x00007ffb0bf50000 - 0x00007ffb0c04a000 	C:\WINDOWS\System32\ucrtbase.dll
0x00007ffaf9cd0000 - 0x00007ffaf9f55000 	C:\WINDOWS\WinSxS\amd64_microsoft.windows.common-controls_6595b64144ccf1df_6.0.18362.778_none_e6c6b761130d4fb8\COMCTL32.dll
0x00007ffb0d7a0000 - 0x00007ffb0dad6000 	C:\WINDOWS\System32\combase.dll
0x00007ffb0c1f0000 - 0x00007ffb0c270000 	C:\WINDOWS\System32\bcryptPrimitives.dll
0x00007ffb0d570000 - 0x00007ffb0d59e000 	C:\WINDOWS\System32\IMM32.DLL
0x00000000585e0000 - 0x00000000586b2000 	D:\Program Files\Java\jdk-1.8.0\jre\bin\msvcr100.dll
0x0000000056660000 - 0x0000000056f06000 	D:\Program Files\Java\jdk-1.8.0\jre\bin\server\jvm.dll
0x00007ffb0cc50000 - 0x00007ffb0cc58000 	C:\WINDOWS\System32\PSAPI.DLL
0x00007ffb079e0000 - 0x00007ffb079e9000 	C:\WINDOWS\SYSTEM32\WSOCK32.dll
0x00007ffafd5d0000 - 0x00007ffafd5da000 	C:\WINDOWS\SYSTEM32\VERSION.dll
0x00007ffb08fc0000 - 0x00007ffb08fe4000 	C:\WINDOWS\SYSTEM32\WINMM.dll
0x00007ffb0dc80000 - 0x00007ffb0dcef000 	C:\WINDOWS\System32\WS2_32.dll
0x00007ffb08b40000 - 0x00007ffb08b6d000 	C:\WINDOWS\SYSTEM32\WINMMBASE.dll
0x00007ffb0c050000 - 0x00007ffb0c09a000 	C:\WINDOWS\System32\cfgmgr32.dll
0x00007ffb090c0000 - 0x00007ffb090cf000 	D:\Program Files\Java\jdk-1.8.0\jre\bin\verify.dll
0x00007ffb08b80000 - 0x00007ffb08ba9000 	D:\Program Files\Java\jdk-1.8.0\jre\bin\java.dll
0x00007ffb06690000 - 0x00007ffb066a6000 	D:\Program Files\Java\jdk-1.8.0\jre\bin\zip.dll
0x00007ffb0c4f0000 - 0x00007ffb0cbd5000 	C:\WINDOWS\System32\SHELL32.dll
0x00007ffb0c440000 - 0x00007ffb0c4e9000 	C:\WINDOWS\System32\shcore.dll
0x00007ffb0b1b0000 - 0x00007ffb0b930000 	C:\WINDOWS\System32\windows.storage.dll
0x00007ffb0b0b0000 - 0x00007ffb0b0d3000 	C:\WINDOWS\System32\profapi.dll
0x00007ffb0b100000 - 0x00007ffb0b14a000 	C:\WINDOWS\System32\powrprof.dll
0x00007ffb0b080000 - 0x00007ffb0b090000 	C:\WINDOWS\System32\UMPDC.dll
0x00007ffb0dba0000 - 0x00007ffb0dbf2000 	C:\WINDOWS\System32\shlwapi.dll
0x00007ffb0b090000 - 0x00007ffb0b0a1000 	C:\WINDOWS\System32\kernel.appcore.dll
0x00007ffb0bf30000 - 0x00007ffb0bf47000 	C:\WINDOWS\System32\cryptsp.dll
0x00007ffb08b70000 - 0x00007ffb08b7d000 	D:\Program Files\Java\jdk-1.8.0\jre\bin\management.dll
0x00007ffb05880000 - 0x00007ffb0589a000 	D:\Program Files\Java\jdk-1.8.0\jre\bin\net.dll
0x00007ffaf8b70000 - 0x00007ffaf8c67000 	C:\Windows\Netease\UU\uu_lsp64.dll
0x00007ffb0bde0000 - 0x00007ffb0bf29000 	C:\WINDOWS\System32\CRYPT32.dll
0x00007ffb0b0e0000 - 0x00007ffb0b0f2000 	C:\WINDOWS\System32\MSASN1.dll
0x00007ffb0a600000 - 0x00007ffb0a63a000 	C:\WINDOWS\SYSTEM32\IPHLPAPI.DLL
0x00007ffb0a8f0000 - 0x00007ffb0a957000 	C:\WINDOWS\system32\mswsock.dll
0x00007ffb0b150000 - 0x00007ffb0b1ac000 	C:\WINDOWS\System32\WINTRUST.DLL
0x00007ffb0ddb0000 - 0x00007ffb0ddcd000 	C:\WINDOWS\System32\imagehlp.dll
0x00007ffb0a460000 - 0x00007ffb0a493000 	C:\WINDOWS\system32\rsaenh.dll
0x00007ffb0bc10000 - 0x00007ffb0bc36000 	C:\WINDOWS\System32\bcrypt.dll
0x00007ffb0aac0000 - 0x00007ffb0aacc000 	C:\WINDOWS\SYSTEM32\CRYPTBASE.dll
0x00007ffafea60000 - 0x00007ffafea6a000 	C:\WINDOWS\system32\wshqos.dll
0x00007ffafea50000 - 0x00007ffafea58000 	C:\WINDOWS\SYSTEM32\wshtcpip.DLL
0x00007ffafea40000 - 0x00007ffafea48000 	C:\WINDOWS\SYSTEM32\wship6.dll
0x00007ffafe910000 - 0x00007ffafe922000 	D:\Program Files\Java\jdk-1.8.0\jre\bin\nio.dll
0x00007ffaec990000 - 0x00007ffaec9a6000 	C:\WINDOWS\system32\napinsp.dll
0x00007ffaec970000 - 0x00007ffaec98a000 	C:\WINDOWS\system32\pnrpnsp.dll
0x00007ffb0a640000 - 0x00007ffb0a70a000 	C:\WINDOWS\SYSTEM32\DNSAPI.dll
0x00007ffb0db90000 - 0x00007ffb0db98000 	C:\WINDOWS\System32\NSI.dll
0x00007ffaec960000 - 0x00007ffaec96e000 	C:\WINDOWS\System32\winrnr.dll
0x00007ffb078a0000 - 0x00007ffb078bc000 	C:\WINDOWS\system32\NLAapi.dll
0x00007ffaefbd0000 - 0x00007ffaefbe5000 	C:\WINDOWS\system32\wshbth.dll
0x00007ffafec20000 - 0x00007ffafec2a000 	C:\Windows\System32\rasadhlp.dll
0x00007ffafed80000 - 0x00007ffafedf7000 	C:\WINDOWS\System32\fwpuclnt.dll

VM Arguments:
java_command: C:\Users\12559\AppData\Local\Temp\surefire2255075558294968470\surefirebooter2015545720942183817.jar C:\Users\12559\AppData\Local\Temp\surefire2255075558294968470 2020-04-30T12-23-46_108-jvmRun1 surefire6373973211226054316tmp surefire_08257623742469491193tmp
java_class_path (initial): C:\Users\12559\AppData\Local\Temp\surefire2255075558294968470\surefirebooter2015545720942183817.jar
Launcher Type: SUN_STANDARD

Environment Variables:
JAVA_HOME=D:\Program Files\Java\jdk-1.8.0
CLASSPATH=.;D:\Program Files\Java\jdk-1.8.0\lib\dt.jar;D:\Program Files\Java\jdk-1.8.0\lib\tools.jar;C:\Go\bin
PATH=C:\Program Files (x86)\Common Files\Oracle\Java\javapath;C:\WINDOWS\system32;C:\WINDOWS;C:\WINDOWS\System32\Wbem;C:\WINDOWS\System32\WindowsPowerShell\v1.0\;C:\WINDOWS\System32\OpenSSH\;C:\Go\bin;C:\Program Files\dotnet\nuget\;C:\Program Files\dotnet\;C:\Program Files\nodejs\;C:\fslexyacc\FsLexYacc.10.0.0\build;C:\fslexyacc\FsLexYacc.10.0.0\build\fslex\net46;C:\Program Files (x86)\Common Files\Thunder Network\KanKan\Codecs;C:\fslexyacc\FsLexYacc.10.0.0\build\fsyacc\net46;C:\Program Files (x86)\NVIDIA Corporation\PhysX\Common;C:\Program Files\dotnet\fsi.cmd;D:\Program Files\Java\jdk-1.8.0\bin;D:\Program Files\Java\apache-maven-3.6.2\bin\;D:\Program Files\Python3;D:\Program Files\Python3\Scripts\;D:\Redis-x64-3.2.100;E:\program\tools\apache-tomcat-9.0.0.M13\bin;E:\program\tools\apache-tomcat-9.0.0.M13\lib;D:\mysql\mysql-5.6.45-winx64\bin;D:\mysql\mysql-8.0.19-winx64\bin;C:\Program Files\PowerShell\7\;D:\wsl\LxRunOffline\;C:\Program Files\Git\cmd;E:\ProgramList\ruby\Ruby26-x64\bin;D:\Program Files\Java\jdk-1.8.0\bin;C:\Users\12559\AppData\Local\Microsoft\WindowsApps;E:\软件目录\Bandzip\;rog;amList\BandZip\;C:\Users\12559\go\bin;D:\Program Files\Java\apache-maven-3.6.2\bin\;C:\Users\12559\AppData\Roaming\npm;C:\Users\12559\.dotnet\tools;E:\ProgramList\PyCharm\PyCharm 2019.3\bin;E:\ProgramList\vscode\Microsoft VS Code\bin;C:\Users\12559\AppData\Local\Microsoft\WindowsApps;C:\Users\12559\AppData\Local\Programs\Fiddler;;E:\ProgramList\IDEA\IntelliJ IDEA 2020.1\bin;;C:\Users\12559\AppData\Local\Pandoc\
USERNAME=12559
OS=Windows_NT
PROCESSOR_IDENTIFIER=Intel64 Family 6 Model 158 Stepping 9, GenuineIntel



---------------  S Y S T E M  ---------------

OS: Windows 10.0 , 64 bit Build 18362 (10.0.18362.778)

CPU:total 4 (initial active 4) (4 cores per cpu, 1 threads per core) family 6 model 158 stepping 9, cmov, cx8, fxsr, mmx, sse, sse2, sse3, ssse3, sse4.1, sse4.2, popcnt, avx, avx2, aes, clmul, erms, 3dnowpref, lzcnt, tsc, tscinvbit, bmi1, bmi2, adx

Memory: 4k page, physical 16649380k(4512092k free), swap 25037988k(6616k free)

vm_info: Java HotSpot(TM) 64-Bit Server VM (25.231-b11) for windows-amd64 JRE (1.8.0_231-b11), built on Oct  5 2019 03:11:30 by "java_re" with MS VC++ 10.0 (VS2010)

time: Thu Apr 30 12:23:50 2020
timezone: 中国标准时间
elapsed time: 4 seconds (0d 0h 0m 4s)

